<?xml version="1.0" encoding="UTF-8"?>
<coverage generated="1738192438989" clover="3.2.0">
  <project timestamp="1738192438989" name="All files">
    <metrics statements="44" coveredstatements="40" conditionals="11" coveredconditionals="10" methods="18" coveredmethods="17" elements="73" coveredelements="67" complexity="0" loc="44" ncloc="44" packages="2" files="3" classes="3"/>
    <package name="src">
      <metrics statements="20" coveredstatements="17" conditionals="6" coveredconditionals="6" methods="9" coveredmethods="8"/>
      <file name="App.js" path="/Users/agustinpuggioni/Challenges/toolbox-challenge/frontend/src/App.js">
        <metrics statements="20" coveredstatements="17" conditionals="6" coveredconditionals="6" methods="9" coveredmethods="8"/>
        <line num="8" count="1" type="stmt"/>
        <line num="9" count="20" type="stmt"/>
        <line num="10" count="19" type="stmt"/>
        <line num="11" count="38" type="stmt"/>
        <line num="13" count="19" type="stmt"/>
        <line num="14" count="19" type="stmt"/>
        <line num="16" count="19" type="stmt"/>
        <line num="17" count="7" type="stmt"/>
        <line num="18" count="7" type="stmt"/>
        <line num="21" count="19" type="stmt"/>
        <line num="22" count="0" type="stmt"/>
        <line num="23" count="0" type="stmt"/>
        <line num="24" count="0" type="stmt"/>
        <line num="27" count="19" type="stmt"/>
        <line num="28" count="3" type="stmt"/>
        <line num="30" count="3" type="stmt"/>
        <line num="35" count="19" type="stmt"/>
        <line num="37" count="19" type="stmt"/>
        <line num="66" count="3" type="stmt"/>
        <line num="102" count="1" type="stmt"/>
      </file>
    </package>
    <package name="src.store">
      <metrics statements="24" coveredstatements="23" conditionals="5" coveredconditionals="4" methods="9" coveredmethods="9"/>
      <file name="filesSlice.js" path="/Users/agustinpuggioni/Challenges/toolbox-challenge/frontend/src/store/filesSlice.js">
        <metrics statements="23" coveredstatements="23" conditionals="5" coveredconditionals="4" methods="9" coveredmethods="9"/>
        <line num="4" count="2" type="stmt"/>
        <line num="6" count="2" type="stmt"/>
        <line num="9" count="10" type="stmt"/>
        <line num="12" count="9" type="stmt"/>
        <line num="16" count="2" type="stmt"/>
        <line num="19" count="9" type="stmt"/>
        <line num="20" count="8" type="stmt"/>
        <line num="24" count="2" type="stmt"/>
        <line num="34" count="2" type="stmt"/>
        <line num="36" count="11" type="stmt"/>
        <line num="37" count="11" type="stmt"/>
        <line num="40" count="2" type="stmt"/>
        <line num="41" count="2" type="stmt"/>
        <line num="42" count="2" type="stmt"/>
        <line num="45" count="10" type="stmt"/>
        <line num="46" count="10" type="stmt"/>
        <line num="49" count="9" type="stmt"/>
        <line num="50" count="9" type="stmt"/>
        <line num="53" count="1" type="stmt"/>
        <line num="54" count="1" type="cond" truecount="1" falsecount="1"/>
        <line num="55" count="1" type="stmt"/>
        <line num="59" count="8" type="stmt"/>
        <line num="60" count="8" type="stmt"/>
      </file>
      <file name="index.js" path="/Users/agustinpuggioni/Challenges/toolbox-challenge/frontend/src/store/index.js">
        <metrics statements="1" coveredstatements="0" conditionals="0" coveredconditionals="0" methods="0" coveredmethods="0"/>
        <line num="4" count="0" type="stmt"/>
      </file>
    </package>
  </project>
</coverage>
