TN:
SF:src/App.js
FN:8,(anonymous_0)
FN:11,(anonymous_1)
FN:16,(anonymous_2)
FN:21,(anonymous_3)
FN:27,(anonymous_4)
FN:30,(anonymous_5)
FN:35,(anonymous_6)
FN:65,(anonymous_7)
FN:101,(anonymous_8)
FNF:9
FNH:8
FNDA:20,(anonymous_0)
FNDA:38,(anonymous_1)
FNDA:7,(anonymous_2)
FNDA:0,(anonymous_3)
FNDA:3,(anonymous_4)
FNDA:3,(anonymous_5)
FNDA:3,(anonymous_6)
FNDA:3,(anonymous_7)
FNDA:1,(anonymous_8)
DA:8,1
DA:9,20
DA:10,19
DA:11,38
DA:13,19
DA:14,19
DA:16,19
DA:17,7
DA:18,7
DA:21,19
DA:22,0
DA:23,0
DA:24,0
DA:27,19
DA:28,3
DA:30,3
DA:35,19
DA:37,19
DA:66,3
DA:102,1
LF:20
LH:17
BRDA:74,0,0,7
BRDA:74,0,1,12
BRDA:85,1,0,8
BRDA:85,1,1,4
BRDA:100,2,0,1
BRDA:100,2,1,3
BRF:6
BRH:6
end_of_record
TN:
SF:src/store/filesSlice.js
FN:8,(anonymous_0)
FN:18,(anonymous_1)
FN:33,(anonymous_2)
FN:35,(anonymous_3)
FN:39,(anonymous_4)
FN:44,(anonymous_5)
FN:48,(anonymous_6)
FN:52,(anonymous_7)
FN:58,(anonymous_8)
FNF:9
FNH:9
FNDA:10,(anonymous_0)
FNDA:9,(anonymous_1)
FNDA:2,(anonymous_2)
FNDA:11,(anonymous_3)
FNDA:2,(anonymous_4)
FNDA:10,(anonymous_5)
FNDA:9,(anonymous_6)
FNDA:1,(anonymous_7)
FNDA:8,(anonymous_8)
DA:4,2
DA:6,2
DA:9,10
DA:12,9
DA:16,2
DA:19,9
DA:20,8
DA:24,2
DA:34,2
DA:36,11
DA:37,11
DA:40,2
DA:41,2
DA:42,2
DA:45,10
DA:46,10
DA:49,9
DA:50,9
DA:53,1
DA:54,1
DA:55,1
DA:59,8
DA:60,8
LF:23
LH:23
BRDA:8,0,0,9
BRDA:10,1,0,1
BRDA:10,1,1,9
BRDA:54,2,0,1
BRDA:54,2,1,0
BRF:5
BRH:4
end_of_record
TN:
SF:src/store/index.js
FNF:0
FNH:0
DA:4,0
LF:1
LH:0
BRF:0
BRH:0
end_of_record
